\BOOKMARK [0][-]{chapter.1}{\376\377\000I\000n\000t\000r\000o\000d\000u\000z\000i\000o\000n\000e}{}% 1
\BOOKMARK [1][-]{section.1.1}{\376\377\000O\000S\000\040\000F\000i\000n\000g\000e\000r\000p\000r\000i\000n\000t\000i\000n\000g}{chapter.1}% 2
\BOOKMARK [1][-]{section.1.2}{\376\377\000O\000b\000i\000e\000t\000t\000i\000v\000o}{chapter.1}% 3
\BOOKMARK [1][-]{section.1.3}{\376\377\000S\000t\000r\000u\000m\000e\000n\000t\000i\000\040\000e\000\040\000s\000i\000s\000t\000e\000m\000i\000\040\000o\000p\000e\000r\000a\000t\000i\000v\000i\000\040\000u\000t\000i\000l\000i\000z\000z\000a\000t\000i}{chapter.1}% 4
\BOOKMARK [0][-]{chapter.2}{\376\377\000B\000a\000s\000e\000\040\000k\000n\000o\000w\000l\000e\000d\000g\000e}{}% 5
\BOOKMARK [1][-]{section.2.1}{\376\377\000F\000u\000n\000z\000i\000o\000n\000a\000m\000e\000n\000t\000o\000\040\000d\000e\000l\000l\000o\000\040\000s\000t\000a\000c\000k\000\040\000T\000C\000P\000/\000I\000P}{chapter.2}% 6
\BOOKMARK [1][-]{section.2.2}{\376\377\000H\000e\000a\000d\000e\000r\000\040\000p\000e\000r\000\040\000i\000l\000\040\000f\000i\000n\000g\000e\000r\000p\000r\000i\000n\000t\000i\000n\000g}{chapter.2}% 7
\BOOKMARK [0][-]{chapter.3}{\376\377\000A\000n\000a\000l\000i\000s\000i}{}% 8
\BOOKMARK [1][-]{section.3.1}{\376\377\000L\000i\000v\000e\000l\000l\000o\000\040\0003\000:\000\040\000p\000r\000o\000t\000o\000c\000o\000l\000l\000i\000\040\000I\000P\000\040\000e\000\040\000I\000C\000M\000P}{chapter.3}% 9
\BOOKMARK [1][-]{section.3.2}{\376\377\000L\000i\000v\000e\000l\000l\000o\000\040\0004\000:\000\040\000a\000n\000a\000l\000i\000s\000i\000\040\000p\000r\000o\000t\000o\000c\000o\000l\000l\000o\000\040\000T\000C\000P}{chapter.3}% 10
\BOOKMARK [1][-]{section.3.3}{\376\377\000L\000i\000v\000e\000l\000l\000o\000\040\0007\000:\000\040\000a\000n\000a\000l\000i\000s\000i\000\040\000p\000r\000o\000t\000o\000c\000o\000l\000l\000o\000\040\000H\000T\000T\000P}{chapter.3}% 11
\BOOKMARK [0][-]{chapter.4}{\376\377\000O\000f\000f\000u\000s\000c\000a\000m\000e\000n\000t\000o}{}% 12
\BOOKMARK [1][-]{section.4.1}{\376\377\000A\000l\000g\000o\000r\000i\000t\000m\000o\000\040\000u\000t\000i\000l\000i\000z\000z\000a\000t\000o\000\040\000d\000a\000\040\000N\000m\000a\000p}{chapter.4}% 13
\BOOKMARK [1][-]{section.4.2}{\376\377\000M\000o\000d\000i\000f\000i\000c\000h\000e\000\040\000a\000l\000\040\000f\000i\000l\000e\000\040\000s\000y\000s\000c\000t\000l\000.\000c\000o\000n\000f}{chapter.4}% 14
\BOOKMARK [1][-]{section.4.3}{\376\377\000M\000o\000d\000i\000f\000i\000c\000h\000e\000\040\000t\000r\000a\000m\000i\000t\000e\000\040\000n\000f\000t\000a\000b\000l\000e\000s}{chapter.4}% 15
\BOOKMARK [1][-]{section.4.4}{\376\377\000O\000f\000f\000u\000s\000c\000a\000m\000e\000n\000t\000o\000\040\000d\000a\000\040\000f\000i\000n\000g\000e\000r\000p\000r\000i\000n\000t\000i\000n\000g\000\040\000p\000a\000s\000s\000i\000v\000o}{chapter.4}% 16
\BOOKMARK [0][-]{chapter.5}{\376\377\000A\000n\000a\000l\000i\000s\000i\000\040\000h\000a\000n\000d\000s\000h\000a\000k\000e\000\040\000T\000L\000S}{}% 17
\BOOKMARK [1][-]{section.5.1}{\376\377\000H\000a\000n\000d\000s\000h\000a\000k\000e\000\040\000T\000L\000S}{chapter.5}% 18
\BOOKMARK [1][-]{section.5.2}{\376\377\000B\000r\000o\000w\000s\000e\000r\000\040\000f\000i\000n\000g\000e\000r\000p\000r\000i\000n\000t\000i\000n\000g}{chapter.5}% 19
\BOOKMARK [0][-]{chapter.6}{\376\377\000C\000o\000n\000c\000l\000u\000s\000i\000o\000n\000i}{}% 20
\BOOKMARK [1][-]{section.6.1}{\376\377\000F\000i\000n\000g\000e\000r\000p\000r\000i\000n\000t\000i\000n\000g\000\040\000d\000i\000\040\000s\000i\000s\000t\000e\000m\000i\000\040\000o\000p\000e\000r\000a\000t\000i\000v\000i}{chapter.6}% 21
\BOOKMARK [1][-]{section.6.2}{\376\377\000F\000i\000n\000g\000e\000r\000p\000r\000i\000n\000t\000i\000n\000g\000\040\000d\000i\000\040\000b\000r\000o\000w\000s\000e\000r\000\040\000t\000r\000a\000m\000i\000t\000e\000\040\000H\000T\000T\000P\000\040\000e\000\040\000T\000L\000S}{chapter.6}% 22
